<?xml version="1.0" encoding="UTF-8" ?>
<testsuite failures="0" time="6.815" errors="0" skipped="0" tests="5" name="com.test.Inserting">
  <properties>
    <property name="DISPLAY" value="/tmp/launch-fHNCfT/org.x:0"/>
    <property name="com.apple.java.jvmMode" value="client"/>
    <property name="file.encoding.pkg" value="sun.io"/>
    <property name="rvm_version" value="1.6.21"/>
    <property name="java.home" value="/System/Library/Java/JavaVirtualMachines/1.6.0.jdk/Contents/Home"/>
    <property name="LOGNAME" value="trnl"/>
    <property name="rvm_bin_path" value="/Users/trnl/.rvm/bin"/>
    <property name="rvm_patches_path" value="/Users/trnl/.rvm/patches"/>
    <property name="NODE_NAME" value="master"/>
    <property name="PWD" value="/code/performance-plugin"/>
    <property name="JENKINS_URL" value="http://localhost:8080/"/>
    <property name="rvm_gemsets_path" value="/Users/trnl/.rvm/gemsets"/>
    <property name="TERM_PROGRAM_VERSION" value="303"/>
    <property name="java.endorsed.dirs" value="/System/Library/Java/JavaVirtualMachines/1.6.0.jdk/Contents/Home/lib/endorsed"/>
    <property name="rvm_log_path" value="/Users/trnl/.rvm/log"/>
    <property name="GEM_PATH" value="/Users/trnl/.rvm/gems/ruby-1.9.2-p290:/Users/trnl/.rvm/gems/ruby-1.9.2-p290@global"/>
    <property name="sun.os.patch.level" value="unknown"/>
    <property name="rvm_archives_path" value="/Users/trnl/.rvm/archives"/>
    <property name="java.vendor.url" value="http://www.apple.com/"/>
    <property name="java.version" value="1.6.0_29"/>
    <property name="JOB_NAME" value="performance-test"/>
    <property name="rvm_docs_path" value="/Users/trnl/.rvm/docs"/>
    <property name="java.vendor.url.bug" value="http://bugreport.apple.com/"/>
    <property name="rvm_src_path" value="/Users/trnl/.rvm/src"/>
    <property name="user.name" value="trnl"/>
    <property name="rvm_path" value="/Users/trnl/.rvm"/>
    <property name="sun.io.unicode.encoding" value="UnicodeLittle"/>
    <property name="sun.jnu.encoding" value="MacRoman"/>
    <property name="java.runtime.name" value="Java(TM) SE Runtime Environment"/>
    <property name="LC_CTYPE" value="UTF-8"/>
    <property name="RUBY_VERSION" value="ruby-1.9.2-p290"/>
    <property name="CLICOLOR" value="1"/>
    <property name="java.specification.name" value="Java Platform API Specification"/>
    <property name="ftp.nonProxyHosts" value="local|*.local|169.254/16|*.169.254/16"/>
    <property name="user.timezone" value="Europe/Kaliningrad"/>
    <property name="path.separator" value=":"/>
    <property name="BUILD_TAG" value="jenkins-performance-test-10"/>
    <property name="TERM" value="xterm-256color"/>
    <property name="rvm_scripts_path" value="/Users/trnl/.rvm/scripts"/>
    <property name="file.encoding" value="MacRoman"/>
    <property name="PATH" value="/opt/local/bin:/opt/local/sbin:/usr/local/sbin:/usr/local/share/python:/Users/trnl/.nvm/v0.6.6/bin:/Users/trnl/.rvm/bin:/Users/trnl/.rvm/gems/ruby-1.9.2-p290/bin:/Users/trnl/.rvm/gems/ruby-1.9.2-p290@global/bin:/Users/trnl/.rvm/rubies/ruby-1.9.2-p290/bin:/Users/trnl/bin:/usr/bin:/bin:/usr/sbin:/sbin:/usr/local/bin:/usr/X11/bin:/usr/local/git/bin"/>
    <property name="rvm_prefix" value="/Users/trnl"/>
    <property name="sun.java.command" value="org.jvnet.hudson.maven3.agent.Maven3Main /usr/share/maven /code/performance-plugin/target/work/webapp/WEB-INF/lib/remoting-2.12.jar /code/performance-plugin/./work/plugins/maven-plugin/WEB-INF/lib/maven3-interceptor-1.2.jar 50354"/>
    <property name="HUDSON_URL" value="http://localhost:8080/"/>
    <property name="JENKINS_SERVER_COOKIE" value="71aaf49d05e8b6821f2c971c3f3212e9"/>
    <property name="socksNonProxyHosts" value="local|*.local|169.254/16|*.169.254/16"/>
    <property name="rvm_wrappers_path" value="/Users/trnl/.rvm/wrappers"/>
    <property name="EXECUTOR_NUMBER" value="0"/>
    <property name="rvm_gems_cache_path" value="/Users/trnl/.rvm/gems/cache"/>
    <property name="MANPATH" value="/Users/trnl/.nvm/v0.6.6/share/man:"/>
    <property name="java.io.tmpdir" value="/var/folders/sw/45c239h15j9cnhmqx4f7g5xm0000gn/T/"/>
    <property name="rvm_examples_path" value="/Users/trnl/.rvm/examples"/>
    <property name="user.language" value="en"/>
    <property name="line.separator" value="
"/>
    <property name="BUILD_URL" value="http://localhost:8080/job/performance-test/10/"/>
    <property name="SHLVL" value="1"/>
    <property name="M2_HOME" value="/usr/share/maven"/>
    <property name="USER" value="trnl"/>
    <property name="java.vm.info" value="mixed mode"/>
    <property name="java.vm.specification.name" value="Java Virtual Machine Specification"/>
    <property name="guice.disable.misplaced.annotation.check" value="true"/>
    <property name="Apple_Ubiquity_Message" value="/tmp/launch-TjRk0X/Apple_Ubiquity_Message"/>
    <property name="HUDSON_SERVER_COOKIE" value="71aaf49d05e8b6821f2c971c3f3212e9"/>
    <property name="com.apple.java.jvmTask" value="CommandLine_Manual.java"/>
    <property name="http.nonProxyHosts" value="local|*.local|169.254/16|*.169.254/16"/>
    <property name="LSCOLORS" value="ExFxCxDxBxegedabagacad"/>
    <property name="Apple_PubSub_Socket_Render" value="/tmp/launch-PzCRmH/Render"/>
    <property name="java.awt.printerjob" value="apple.awt.CPrinterJob"/>
    <property name="CLASSPATH" value=""/>
    <property name="rvm_help_path" value="/Users/trnl/.rvm/help"/>
    <property name="rvm_environments_path" value="/Users/trnl/.rvm/environments"/>
    <property name="gopherProxySet" value="false"/>
    <property name="rvm_man_path" value="/Users/trnl/.rvm/man"/>
    <property name="TMPDIR" value="/var/folders/sw/45c239h15j9cnhmqx4f7g5xm0000gn/T/"/>
    <property name="rvm_user_install_flag" value="1"/>
    <property name="os.name" value="Mac OS X"/>
    <property name="java.specification.vendor" value="Sun Microsystems Inc."/>
    <property name="mrj.build" value="11D50b"/>
    <property name="rvm_usr_path" value="/Users/trnl/.rvm/usr"/>
    <property name="java.vm.name" value="Java HotSpot(TM) 64-Bit Server VM"/>
    <property name="BUILD_NUMBER" value="10"/>
    <property name="NVM_DIR" value="/Users/trnl/.nvm"/>
    <property name="mrj.version" value="1070.1.6.0_29-402"/>
    <property name="maven3.interceptor" value="/code/performance-plugin/./work/plugins/maven-plugin/WEB-INF/lib/maven3-interceptor-1.2.jar"/>
    <property name="java.library.path" value=".:/Library/Java/Extensions:/System/Library/Java/Extensions:/usr/lib/java"/>
    <property name="NVM_BIN" value="/Users/trnl/.nvm/v0.6.6/bin"/>
    <property name="java.class.version" value="50.0"/>
    <property name="JOB_URL" value="http://localhost:8080/job/performance-test/"/>
    <property name="rvm_ruby_string" value="ruby-1.9.2-p290"/>
    <property name="GIT_BRANCH" value="master"/>
    <property name="TERM_SESSION_ID" value="C05EB49C-103B-4E39-976E-1754FAEBB6BE"/>
    <property name="SECURITYSESSIONID" value="186a4"/>
    <property name="JENKINS_HOME" value="/code/performance-plugin/./work"/>
    <property name="BUILD_ID" value="2012-02-21_14-02-40"/>
    <property name="sun.boot.library.path" value="/System/Library/Java/JavaVirtualMachines/1.6.0.jdk/Contents/Libraries"/>
    <property name="rvm_user_path" value="/Users/trnl/.rvm/user"/>
    <property name="sun.management.compiler" value="HotSpot 64-Bit Tiered Compilers"/>
    <property name="java.awt.graphicsenv" value="apple.awt.CGraphicsEnvironment"/>
    <property name="HUDSON_HOME" value="/code/performance-plugin/./work"/>
    <property name="PATH+MAVEN" value="/usr/share/maven/bin"/>
    <property name="rvm_rubies_path" value="/Users/trnl/.rvm/rubies"/>
    <property name="TERM_PROGRAM" value="Apple_Terminal"/>
    <property name="java.vm.specification.version" value="1.0"/>
    <property name="JAVA_HOME" value="/Library/Java/Home"/>
    <property name="rvm_loaded_flag" value="0"/>
    <property name="COMMAND_MODE" value="unix2003"/>
    <property name="rvm_hook" value="after_cd"/>
    <property name="SHELL" value="/bin/bash"/>
    <property name="awt.toolkit" value="apple.awt.CToolkit"/>
    <property name="NODE_LABELS" value="master"/>
    <property name="sun.cpu.isalist" value=""/>
    <property name="java.ext.dirs" value="/Library/Java/Extensions:/System/Library/Java/Extensions:/System/Library/Java/JavaVirtualMachines/1.6.0.jdk/Contents/Home/lib/ext"/>
    <property name="os.version" value="10.7.3"/>
    <property name="rvm_config_path" value="/Users/trnl/.rvm/config"/>
    <property name="user.home" value="/Users/trnl"/>
    <property name="java.vm.vendor" value="Apple Inc."/>
    <property name="IRBRC" value="/Users/trnl/.rvm/rubies/ruby-1.9.2-p290/.irbrc"/>
    <property name="user.dir" value="/code/performance-plugin/work/jobs/performance-test/workspace"/>
    <property name="sun.cpu.endian" value="little"/>
    <property name="GEM_HOME" value="/Users/trnl/.rvm/gems/ruby-1.9.2-p290"/>
    <property name="MY_RUBY_HOME" value="/Users/trnl/.rvm/rubies/ruby-1.9.2-p290"/>
    <property name="java.vm.version" value="20.4-b02-402"/>
    <property name="java.class.path" value="/code/performance-plugin/./work/plugins/maven-plugin/WEB-INF/lib/maven3-agent-1.2.jar:/usr/share/maven/boot/plexus-classworlds-2.4.jar"/>
    <property name="RS_MANAGER_HOME" value="/code/rs_manager/logs"/>
    <property name="MAVEN_OPTS" value="-Xmx2048m"/>
    <property name="os.arch" value="x86_64"/>
    <property name="WORKSPACE" value="/code/performance-plugin/work/jobs/performance-test/workspace"/>
    <property name="sun.java.launcher" value="SUN_STANDARD"/>
    <property name="NVM_PATH" value="/Users/trnl/.nvm/v0.6.6/lib/node"/>
    <property name="java.vm.specification.vendor" value="Sun Microsystems Inc."/>
    <property name="file.separator" value="/"/>
    <property name="__CF_USER_TEXT_ENCODING" value="0x1F5:0:0"/>
    <property name="java.runtime.version" value="1.6.0_29-b11-402-11D50b"/>
    <property name="sun.boot.class.path" value="/System/Library/Java/JavaVirtualMachines/1.6.0.jdk/Contents/Classes/jsfd.jar:/System/Library/Java/JavaVirtualMachines/1.6.0.jdk/Contents/Classes/classes.jar:/System/Library/Frameworks/JavaVM.framework/Frameworks/JavaRuntimeSupport.framework/Resources/Java/JavaRuntimeSupport.jar:/System/Library/Java/JavaVirtualMachines/1.6.0.jdk/Contents/Classes/ui.jar:/System/Library/Java/JavaVirtualMachines/1.6.0.jdk/Contents/Classes/laf.jar:/System/Library/Java/JavaVirtualMachines/1.6.0.jdk/Contents/Classes/sunrsasign.jar:/System/Library/Java/JavaVirtualMachines/1.6.0.jdk/Contents/Classes/jsse.jar:/System/Library/Java/JavaVirtualMachines/1.6.0.jdk/Contents/Classes/jce.jar:/System/Library/Java/JavaVirtualMachines/1.6.0.jdk/Contents/Classes/charsets.jar"/>
    <property name="NODE_PATH" value="/usr/local/lib/node_modules"/>
    <property name="rvm_tmp_path" value="/Users/trnl/.rvm/tmp"/>
    <property name="JAVA_MAIN_CLASS_885" value="org.codehaus.plexus.classworlds.launcher.Launcher"/>
    <property name="rvm_gems_path" value="/Users/trnl/.rvm/gems"/>
    <property name="user.country" value="US"/>
    <property name="maven.home" value="/usr/share/java/maven-3.0.3"/>
    <property name="rvm_lib_path" value="/Users/trnl/.rvm/lib"/>
    <property name="HOME" value="/Users/trnl"/>
    <property name="java.vendor" value="Apple Inc."/>
    <property name="awt.nativeDoubleBuffering" value="true"/>
    <property name="rvm_repos_path" value="/Users/trnl/.rvm/repos"/>
    <property name="SSH_AUTH_SOCK" value="/tmp/launch-RZr0El/Listeners"/>
    <property name="java.specification.version" value="1.6"/>
    <property name="sun.arch.data.model" value="64"/>
  </properties>
  <testcase time="1.004" classname="com.test.Inserting" name="insert1Test"/>
  <testcase time="0.599" classname="com.test.Inserting" name="insert2Test"/>
  <testcase time="0.402" classname="com.test.Inserting" name="insert3Test"/>
  <testcase time="2.01" classname="com.test.Inserting" name="insert4Test"/>
  <testcase time="2.72" classname="com.test.Inserting" name="insert5Test"/>
</testsuite>