<?xml version='1.0' encoding='UTF-8'?>
<result>
  <suites>
    <suite>
      <file>/code/performance-plugin/work/jobs/performance-test/workspace/target/surefire-reports/TEST-com.test.Inserting.xml</file>
      <name>com.test.Inserting</name>
      <duration>5.547</duration>
      <cases>
        <case>
          <duration>1.002</duration>
          <className>com.test.Inserting</className>
          <testName>insert1Test</testName>
          <skipped>false</skipped>
          <failedSince>0</failedSince>
        </case>
        <case>
          <duration>0.599</duration>
          <className>com.test.Inserting</className>
          <testName>insert2Test</testName>
          <skipped>false</skipped>
          <failedSince>0</failedSince>
        </case>
        <case>
          <duration>0.406</duration>
          <className>com.test.Inserting</className>
          <testName>insert3Test</testName>
          <skipped>false</skipped>
          <failedSince>0</failedSince>
        </case>
        <case>
          <duration>2.016</duration>
          <className>com.test.Inserting</className>
          <testName>insert4Test</testName>
          <skipped>false</skipped>
          <failedSince>0</failedSince>
        </case>
        <case>
          <duration>1.524</duration>
          <className>com.test.Inserting</className>
          <testName>insert5Test</testName>
          <skipped>false</skipped>
          <failedSince>0</failedSince>
        </case>
      </cases>
    </suite>
    <suite>
      <file>/code/performance-plugin/work/jobs/performance-test/workspace/target/surefire-reports/TEST-com.test.Updating.xml</file>
      <name>com.test.Updating</name>
      <duration>2.787</duration>
      <cases>
        <case>
          <duration>0.093</duration>
          <className>com.test.Updating</className>
          <testName>update1Test</testName>
          <skipped>false</skipped>
          <failedSince>0</failedSince>
        </case>
        <case>
          <duration>1.552</duration>
          <className>com.test.Updating</className>
          <testName>update2Test</testName>
          <skipped>false</skipped>
          <failedSince>0</failedSince>
        </case>
        <case>
          <duration>0.201</duration>
          <className>com.test.Updating</className>
          <testName>update3Test</testName>
          <skipped>false</skipped>
          <failedSince>0</failedSince>
        </case>
        <case>
          <duration>0.302</duration>
          <className>com.test.Updating</className>
          <testName>update5Test</testName>
          <skipped>false</skipped>
          <failedSince>0</failedSince>
        </case>
        <case>
          <duration>0.639</duration>
          <className>com.test.Updating</className>
          <testName>update4Test</testName>
          <skipped>false</skipped>
          <failedSince>0</failedSince>
        </case>
      </cases>
    </suite>
  </suites>
  <duration>8.334</duration>
  <keepLongStdio>false</keepLongStdio>
</result>