<?xml version='1.0' encoding='UTF-8'?>
<result>
  <suites>
    <suite>
      <file>/code/performance-plugin/work/jobs/performance-test/workspace/target/surefire-reports/TEST-com.test.Inserting.xml</file>
      <name>com.test.Inserting</name>
      <duration>7.8450003</duration>
      <cases>
        <case>
          <duration>1.005</duration>
          <className>com.test.Inserting</className>
          <testName>insert1Test</testName>
          <skipped>false</skipped>
          <failedSince>0</failedSince>
        </case>
        <case>
          <duration>0.597</duration>
          <className>com.test.Inserting</className>
          <testName>insert2Test</testName>
          <skipped>false</skipped>
          <failedSince>0</failedSince>
        </case>
        <case>
          <duration>0.401</duration>
          <className>com.test.Inserting</className>
          <testName>insert3Test</testName>
          <skipped>false</skipped>
          <failedSince>0</failedSince>
        </case>
        <case>
          <duration>2.01</duration>
          <className>com.test.Inserting</className>
          <testName>insert4Test</testName>
          <skipped>false</skipped>
          <failedSince>0</failedSince>
        </case>
        <case>
          <duration>3.832</duration>
          <className>com.test.Inserting</className>
          <testName>insert5Test</testName>
          <skipped>false</skipped>
          <failedSince>0</failedSince>
        </case>
      </cases>
    </suite>
    <suite>
      <file>/code/performance-plugin/work/jobs/performance-test/workspace/target/surefire-reports/TEST-com.test.Updating.xml</file>
      <name>com.test.Updating</name>
      <duration>2.7480001</duration>
      <cases>
        <case>
          <duration>0.093</duration>
          <className>com.test.Updating</className>
          <testName>update1Test</testName>
          <skipped>false</skipped>
          <failedSince>0</failedSince>
        </case>
        <case>
          <duration>1.551</duration>
          <className>com.test.Updating</className>
          <testName>update2Test</testName>
          <skipped>false</skipped>
          <failedSince>0</failedSince>
        </case>
        <case>
          <duration>0.202</duration>
          <className>com.test.Updating</className>
          <testName>update3Test</testName>
          <skipped>false</skipped>
          <failedSince>0</failedSince>
        </case>
        <case>
          <duration>0.301</duration>
          <className>com.test.Updating</className>
          <testName>update5Test</testName>
          <skipped>false</skipped>
          <failedSince>0</failedSince>
        </case>
        <case>
          <duration>0.601</duration>
          <className>com.test.Updating</className>
          <testName>update4Test</testName>
          <skipped>false</skipped>
          <failedSince>0</failedSince>
        </case>
      </cases>
    </suite>
  </suites>
  <duration>10.593</duration>
  <keepLongStdio>false</keepLongStdio>
</result>